0 info it worked if it ends with ok
1 verbose cli [ 'C:\\Program Files\\nodejs\\node.exe',
1 verbose cli   'C:\\Program Files\\nodejs\\node_modules\\npm\\bin\\npm-cli.js',
1 verbose cli   'run',
1 verbose cli   'test' ]
2 info using npm@4.1.2
3 info using node@v7.6.0
4 verbose run-script [ 'pretest', 'test', 'posttest' ]
5 info lifecycle algorithm_samples@1.0.0~pretest: algorithm_samples@1.0.0
6 silly lifecycle algorithm_samples@1.0.0~pretest: no script for pretest, continuing
7 info lifecycle algorithm_samples@1.0.0~test: algorithm_samples@1.0.0
8 verbose lifecycle algorithm_samples@1.0.0~test: unsafe-perm in lifecycle true
9 verbose lifecycle algorithm_samples@1.0.0~test: PATH: C:\Users\MainUser\AppData\Roaming\nvm\v7.6.0\node_modules\npm\bin\node-gyp-bin;C:\_gitWork\algorithm_samples\node_modules\.bin;c:\Rtools\bin;c:\Rtools\mingw_32\bin;C:\Python27\;C:\Python27\Scripts;C:\WINDOWS\system32;C:\WINDOWS;C:\WINDOWS\System32\Wbem;C:\WINDOWS\System32\WindowsPowerShell\v1.0\;C:\Program Files\Microsoft SQL Server\120\DTS\Binn\;C:\Program Files\Microsoft SQL Server\Client SDK\ODBC\110\Tools\Binn\;C:\Program Files (x86)\Microsoft SQL Server\120\Tools\Binn\;C:\Program Files\Microsoft SQL Server\120\Tools\Binn\;C:\Program Files (x86)\Microsoft SQL Server\120\Tools\Binn\ManagementStudio\;C:\Program Files (x86)\Microsoft SQL Server\120\DTS\Binn\;C:\Users\MainUser\.dnx\bin;C:\Program Files\Microsoft DNX\Dnvm\;C:\Program Files (x86)\Skype\Phone\;C:\Program Files\OpenVPN\bin;C:\Program Files\R\R-3.3.1\bin;C:\Program Files\R\Library\rscproxy\libs\x64;C:\Program Files\Microsoft\Web Platform Installer\;c:\Program Files (x86)\Microsoft ASP.NET\ASP.NET Web Pages\v1.0\;C:\Program Files (x86)\Windows Kits\8.1\Windows Performance Toolkit\;C:\Program Files\Microsoft SQL Server\130\Tools\Binn\;C:\ProgramData\chocolatey\bin;C:\AndroidUsers\SDK\tools;C:\Program Files\Git\cmd;C:\Users\Jeremy Schrader\go\bin;C:\Program Files (x86)\Yarn\bin;C:\Program Files\Java\jdk1.8.0_131\bin;C:\AndroidUsers\SDK\platform-tools;C:\Users\MainUser\AppData\Roaming\nvm;C:\Program Files\nodejs;C:\AndroidUsers\SDK\platform-tools;C:\Users\MainUser\.dnx\bin;C:\Go\bin;C:\Program Files (x86)\Microsoft VS Code\bin
10 verbose lifecycle algorithm_samples@1.0.0~test: CWD: C:\_gitWork\algorithm_samples
11 silly lifecycle algorithm_samples@1.0.0~test: Args: [ '/d /s /c', 'mocha' ]
12 silly lifecycle algorithm_samples@1.0.0~test: Returned: code: 1  signal: null
13 info lifecycle algorithm_samples@1.0.0~test: Failed to exec test script
14 verbose stack Error: algorithm_samples@1.0.0 test: `mocha`
14 verbose stack Exit status 1
14 verbose stack     at EventEmitter.<anonymous> (C:\Users\MainUser\AppData\Roaming\nvm\v7.6.0\node_modules\npm\lib\utils\lifecycle.js:279:16)
14 verbose stack     at emitTwo (events.js:106:13)
14 verbose stack     at EventEmitter.emit (events.js:192:7)
14 verbose stack     at ChildProcess.<anonymous> (C:\Users\MainUser\AppData\Roaming\nvm\v7.6.0\node_modules\npm\lib\utils\spawn.js:40:14)
14 verbose stack     at emitTwo (events.js:106:13)
14 verbose stack     at ChildProcess.emit (events.js:192:7)
14 verbose stack     at maybeClose (internal/child_process.js:890:16)
14 verbose stack     at Process.ChildProcess._handle.onexit (internal/child_process.js:226:5)
15 verbose pkgid algorithm_samples@1.0.0
16 verbose cwd C:\_gitWork\algorithm_samples
17 error Windows_NT 10.0.10240
18 error argv "C:\\Program Files\\nodejs\\node.exe" "C:\\Program Files\\nodejs\\node_modules\\npm\\bin\\npm-cli.js" "run" "test"
19 error node v7.6.0
20 error npm  v4.1.2
21 error code ELIFECYCLE
22 error algorithm_samples@1.0.0 test: `mocha`
22 error Exit status 1
23 error Failed at the algorithm_samples@1.0.0 test script 'mocha'.
23 error Make sure you have the latest version of node.js and npm installed.
23 error If you do, this is most likely a problem with the algorithm_samples package,
23 error not with npm itself.
23 error Tell the author that this fails on your system:
23 error     mocha
23 error You can get information on how to open an issue for this project with:
23 error     npm bugs algorithm_samples
23 error Or if that isn't available, you can get their info via:
23 error     npm owner ls algorithm_samples
23 error There is likely additional logging output above.
24 verbose exit [ 1, true ]
